\BOOKMARK [1][-]{section.1}{\376\377\000B\000u\000i\000l\000d\000i\000n\000g\000\040\000a\000n\000\040\000O\000r\000t\000h\000o\000g\000o\000n\000a\000l\000\040\000C\000o\000s\000i\000n\000e\000\040\000B\000a\000s\000i\000s}{}% 1
\BOOKMARK [2][-]{subsection.1.1}{}{section.1}% 2
\BOOKMARK [2][-]{subsection.1.2}{}{section.1}% 3
\BOOKMARK [1][-]{section.2}{\376\377\000I\000n\000n\000e\000r\000\040\000P\000r\000o\000d\000u\000c\000t\000,\000\040\000R\000e\000v\000i\000s\000i\000t\000e\000d}{}% 4
\BOOKMARK [2][-]{subsection.2.1}{}{section.2}% 5
\BOOKMARK [2][-]{subsection.2.2}{}{section.2}% 6
\BOOKMARK [2][-]{subsection.2.3}{}{section.2}% 7
\BOOKMARK [2][-]{subsection.2.4}{}{section.2}% 8
\BOOKMARK [1][-]{section.3}{\376\377\000I\000m\000a\000g\000e\000\040\000C\000o\000m\000p\000r\000e\000s\000s\000i\000o\000n}{}% 9
\BOOKMARK [2][-]{subsection.3.2}{}{section.3}% 10
\BOOKMARK [2][-]{subsection.3.3}{}{section.3}% 11
\BOOKMARK [2][-]{subsection.3.4}{}{section.3}% 12
\BOOKMARK [1][-]{section.4}{\376\377\000F\000o\000u\000r\000i\000e\000r\000\040\000S\000e\000r\000i\000e\000s\000\040\000v\000s\000\040\000F\000o\000u\000r\000i\000e\000r\000\040\000T\000r\000a\000n\000s\000f\000o\000r\000m}{}% 13
\BOOKMARK [2][-]{subsection.4.1}{}{section.4}% 14
\BOOKMARK [2][-]{subsection.4.2}{}{section.4}% 15
\BOOKMARK [2][-]{subsection.4.3}{}{section.4}% 16
\BOOKMARK [2][-]{subsection.4.4}{}{section.4}% 17
\BOOKMARK [2][-]{subsection.4.5}{}{section.4}% 18
\BOOKMARK [1][-]{section.5}{\376\377\000U\000s\000i\000n\000g\000\040\000S\000p\000e\000c\000t\000r\000o\000g\000r\000a\000m\000s\000\040\000f\000o\000r\000\040\000S\000p\000e\000c\000i\000e\000s\000\040\000I\000D}{}% 19
\BOOKMARK [2][-]{subsection.5.1}{}{section.5}% 20
\BOOKMARK [2][-]{subsection.5.2}{}{section.5}% 21
\BOOKMARK [2][-]{subsection.5.3}{}{section.5}% 22
\BOOKMARK [2][-]{subsection.5.4}{}{section.5}% 23
\BOOKMARK [2][-]{subsection.5.5}{}{section.5}% 24
\BOOKMARK [2][-]{subsection.5.6}{}{section.5}% 25
\BOOKMARK [2][-]{subsection.5.7}{}{section.5}% 26
\BOOKMARK [2][-]{subsection.5.8}{}{section.5}% 27
\BOOKMARK [2][-]{subsection.5.9}{}{section.5}% 28
\BOOKMARK [1][-]{section.6}{\376\377\000C\000o\000n\000n\000e\000c\000t\000i\000o\000n\000s\000\040\000t\000o\000\040\000Y\000o\000u\000r\000\040\000O\000w\000n\000\040\000W\000o\000r\000k}{}% 29
\BOOKMARK [2][-]{subsection.6.1}{}{section.6}% 30
\BOOKMARK [2][-]{subsection.6.2}{}{section.6}% 31
