\BOOKMARK [1][-]{section.1}{\376\377\000I\000n\000t\000r\000o\000\040\000t\000o\000\040\000P\000r\000o\000b\000a\000b\000i\000l\000i\000t\000y}{}% 1
\BOOKMARK [2][-]{subsection.1.1}{}{section.1}% 2
\BOOKMARK [2][-]{subsection.1.2}{}{section.1}% 3
\BOOKMARK [2][-]{subsection.1.3}{}{section.1}% 4
\BOOKMARK [2][-]{subsection.1.4}{}{section.1}% 5
\BOOKMARK [2][-]{subsection.1.5}{}{section.1}% 6
\BOOKMARK [2][-]{subsection.1.6}{}{section.1}% 7
\BOOKMARK [1][-]{section.2}{\376\377\000B\000i\000r\000t\000h\000d\000a\000y\000\040\000P\000r\000o\000b\000l\000e\000m}{}% 8
\BOOKMARK [2][-]{subsection.2.1}{}{section.2}% 9
\BOOKMARK [2][-]{subsection.2.2}{}{section.2}% 10
\BOOKMARK [1][-]{section.3}{\376\377\000M\000o\000n\000t\000e\000\040\000C\000a\000r\000l\000o}{}% 11
\BOOKMARK [2][-]{subsection.3.1}{}{section.3}% 12
\BOOKMARK [2][-]{subsection.3.2}{}{section.3}% 13
\BOOKMARK [2][-]{subsection.3.3}{}{section.3}% 14
\BOOKMARK [2][-]{subsection.3.4}{}{section.3}% 15
\BOOKMARK [2][-]{subsection.3.5}{}{section.3}% 16
\BOOKMARK [1][-]{section.4}{\376\377\000C\000e\000n\000t\000r\000a\000l\000\040\000L\000i\000m\000i\000t\000\040\000T\000h\000e\000o\000r\000e\000m}{}% 17
\BOOKMARK [2][-]{subsection.4.1}{}{section.4}% 18
\BOOKMARK [2][-]{subsection.4.2}{}{section.4}% 19
\BOOKMARK [2][-]{subsection.4.3}{}{section.4}% 20
\BOOKMARK [1][-]{section.5}{\376\377\000C\000o\000n\000d\000i\000t\000i\000o\000n\000a\000l\000\040\000P\000r\000o\000b\000a\000b\000i\000l\000i\000t\000y}{}% 21
\BOOKMARK [2][-]{subsection.5.1}{}{section.5}% 22
\BOOKMARK [2][-]{subsection.5.2}{}{section.5}% 23
\BOOKMARK [2][-]{subsection.5.3}{}{section.5}% 24
\BOOKMARK [1][-]{section.6}{\376\377\000S\000t\000a\000t\000i\000s\000t\000i\000c\000a\000l\000\040\000D\000a\000t\000a\000\040\000A\000n\000a\000l\000y\000s\000i\000s}{}% 25
\BOOKMARK [2][-]{subsection.6.1}{}{section.6}% 26
\BOOKMARK [2][-]{subsection.6.2}{}{section.6}% 27
\BOOKMARK [2][-]{subsection.6.3}{}{section.6}% 28
\BOOKMARK [2][-]{subsection.6.4}{}{section.6}% 29
\BOOKMARK [3][-]{subsubsection.6.4.1}{\376\377\000M\000e\000t\000h\000o\000d\000\040\000o\000f\000\040\000M\000o\000m\000e\000n\000t\000s}{subsection.6.4}% 30
\BOOKMARK [3][-]{subsubsection.6.4.2}{\376\377\000M\000L\000E}{subsection.6.4}% 31
\BOOKMARK [2][-]{subsection.6.5}{}{section.6}% 32
\BOOKMARK [2][-]{subsection.6.6}{}{section.6}% 33
